<?xml version="1.0" encoding="UTF-8"?>
<testsuite xmlns:xsi="http://www.w3.org/2001/XMLSchema-instance" xsi:noNamespaceSchemaLocation="https://maven.apache.org/surefire/maven-surefire-plugin/xsd/surefire-test-report.xsd" name="com.mahfooz.spark.AppTest" time="0.16" tests="1" errors="0" skipped="0" failures="0">
  <properties>
    <property name="sun.desktop" value="windows"/>
    <property name="awt.toolkit" value="sun.awt.windows.WToolkit"/>
    <property name="file.encoding.pkg" value="sun.io"/>
    <property name="java.specification.version" value="1.8"/>
    <property name="sun.cpu.isalist" value="amd64"/>
    <property name="sun.jnu.encoding" value="Cp1252"/>
    <property name="java.class.path" value="C:\Users\malam\development\personal\spark-java\spark-streaming-kafka\target\test-classes;C:\Users\malam\development\personal\spark-java\spark-streaming-kafka\target\classes;C:\Users\malam\.m2\repository\junit\junit\4.11\junit-4.11.jar;C:\Users\malam\.m2\repository\org\hamcrest\hamcrest-core\1.3\hamcrest-core-1.3.jar;C:\Users\malam\.m2\repository\org\apache\spark\spark-streaming_2.11\2.4.0-cdh6.3.3\spark-streaming_2.11-2.4.0-cdh6.3.3.jar;C:\Users\malam\.m2\repository\org\apache\spark\spark-core_2.11\2.4.0-cdh6.3.3\spark-core_2.11-2.4.0-cdh6.3.3.jar;C:\Users\malam\.m2\repository\org\apache\avro\avro\1.8.2-cdh6.3.3\avro-1.8.2-cdh6.3.3.jar;C:\Users\malam\.m2\repository\com\thoughtworks\paranamer\paranamer\2.8\paranamer-2.8.jar;C:\Users\malam\.m2\repository\org\apache\commons\commons-compress\1.19\commons-compress-1.19.jar;C:\Users\malam\.m2\repository\org\tukaani\xz\1.6\xz-1.6.jar;C:\Users\malam\.m2\repository\org\apache\avro\avro-mapred\1.8.2-cdh6.3.3\avro-mapred-1.8.2-cdh6.3.3-hadoop2.jar;C:\Users\malam\.m2\repository\org\apache\avro\avro-ipc\1.8.2-cdh6.3.3\avro-ipc-1.8.2-cdh6.3.3.jar;C:\Users\malam\.m2\repository\org\eclipse\jetty\jetty-server\9.3.25.v20180904\jetty-server-9.3.25.v20180904.jar;C:\Users\malam\.m2\repository\org\eclipse\jetty\jetty-http\9.3.25.v20180904\jetty-http-9.3.25.v20180904.jar;C:\Users\malam\.m2\repository\org\eclipse\jetty\jetty-io\9.3.25.v20180904\jetty-io-9.3.25.v20180904.jar;C:\Users\malam\.m2\repository\org\eclipse\jetty\jetty-servlet\9.3.25.v20180904\jetty-servlet-9.3.25.v20180904.jar;C:\Users\malam\.m2\repository\commons-collections\commons-collections\3.2.2\commons-collections-3.2.2.jar;C:\Users\malam\.m2\repository\com\twitter\chill_2.11\0.9.3\chill_2.11-0.9.3.jar;C:\Users\malam\.m2\repository\com\esotericsoftware\kryo-shaded\4.0.2\kryo-shaded-4.0.2.jar;C:\Users\malam\.m2\repository\com\esotericsoftware\minlog\1.3.0\minlog-1.3.0.jar;C:\Users\malam\.m2\repository\org\objenesis\objenesis\2.5.1\objenesis-2.5.1.jar;C:\Users\malam\.m2\repository\com\twitter\chill-java\0.9.3\chill-java-0.9.3.jar;C:\Users\malam\.m2\repository\org\apache\hadoop\hadoop-client\3.0.0-cdh6.3.3\hadoop-client-3.0.0-cdh6.3.3.jar;C:\Users\malam\.m2\repository\org\apache\hadoop\hadoop-common\3.0.0-cdh6.3.3\hadoop-common-3.0.0-cdh6.3.3.jar;C:\Users\malam\.m2\repository\commons-cli\commons-cli\1.2\commons-cli-1.2.jar;C:\Users\malam\.m2\repository\org\apache\httpcomponents\httpclient\4.5.3\httpclient-4.5.3.jar;C:\Users\malam\.m2\repository\org\apache\httpcomponents\httpcore\4.4.6\httpcore-4.4.6.jar;C:\Users\malam\.m2\repository\commons-io\commons-io\2.6\commons-io-2.6.jar;C:\Users\malam\.m2\repository\javax\activation\javax.activation-api\1.2.0\javax.activation-api-1.2.0.jar;C:\Users\malam\.m2\repository\org\eclipse\jetty\jetty-webapp\9.3.25.v20180904\jetty-webapp-9.3.25.v20180904.jar;C:\Users\malam\.m2\repository\org\eclipse\jetty\jetty-xml\9.3.25.v20180904\jetty-xml-9.3.25.v20180904.jar;C:\Users\malam\.m2\repository\javax\servlet\jsp\jsp-api\2.1\jsp-api-2.1.jar;C:\Users\malam\.m2\repository\commons-lang\commons-lang\2.6\commons-lang-2.6.jar;C:\Users\malam\.m2\repository\commons-beanutils\commons-beanutils\1.9.4\commons-beanutils-1.9.4.jar;C:\Users\malam\.m2\repository\org\apache\commons\commons-configuration2\2.1.1\commons-configuration2-2.1.1.jar;C:\Users\malam\.m2\repository\com\google\protobuf\protobuf-java\2.5.0\protobuf-java-2.5.0.jar;C:\Users\malam\.m2\repository\com\google\code\gson\gson\2.2.4\gson-2.2.4.jar;C:\Users\malam\.m2\repository\org\apache\hadoop\hadoop-auth\3.0.0-cdh6.3.3\hadoop-auth-3.0.0-cdh6.3.3.jar;C:\Users\malam\.m2\repository\com\nimbusds\nimbus-jose-jwt\4.41.1\nimbus-jose-jwt-4.41.1.jar;C:\Users\malam\.m2\repository\com\github\stephenc\jcip\jcip-annotations\1.0-1\jcip-annotations-1.0-1.jar;C:\Users\malam\.m2\repository\net\minidev\json-smart\2.3\json-smart-2.3.jar;C:\Users\malam\.m2\repository\net\minidev\accessors-smart\1.2\accessors-smart-1.2.jar;C:\Users\malam\.m2\repository\org\apache\curator\curator-client\2.12.0\curator-client-2.12.0.jar;C:\Users\malam\.m2\repository\org\apache\htrace\htrace-core4\4.1.0-incubating\htrace-core4-4.1.0-incubating.jar;C:\Users\malam\.m2\repository\org\apache\kerby\kerb-simplekdc\1.0.0\kerb-simplekdc-1.0.0.jar;C:\Users\malam\.m2\repository\org\apache\kerby\kerb-client\1.0.0\kerb-client-1.0.0.jar;C:\Users\malam\.m2\repository\org\apache\kerby\kerby-config\1.0.0\kerby-config-1.0.0.jar;C:\Users\malam\.m2\repository\org\apache\kerby\kerb-core\1.0.0\kerb-core-1.0.0.jar;C:\Users\malam\.m2\repository\org\apache\kerby\kerby-pkix\1.0.0\kerby-pkix-1.0.0.jar;C:\Users\malam\.m2\repository\org\apache\kerby\kerby-asn1\1.0.0\kerby-asn1-1.0.0.jar;C:\Users\malam\.m2\repository\org\apache\kerby\kerby-util\1.0.0\kerby-util-1.0.0.jar;C:\Users\malam\.m2\repository\org\apache\kerby\kerb-common\1.0.0\kerb-common-1.0.0.jar;C:\Users\malam\.m2\repository\org\apache\kerby\kerb-crypto\1.0.0\kerb-crypto-1.0.0.jar;C:\Users\malam\.m2\repository\org\apache\kerby\kerb-util\1.0.0\kerb-util-1.0.0.jar;C:\Users\malam\.m2\repository\org\apache\kerby\kerb-admin\1.0.0\kerb-admin-1.0.0.jar;C:\Users\malam\.m2\repository\org\apache\kerby\kerb-server\1.0.0\kerb-server-1.0.0.jar;C:\Users\malam\.m2\repository\org\apache\kerby\kerb-identity\1.0.0\kerb-identity-1.0.0.jar;C:\Users\malam\.m2\repository\org\apache\kerby\kerby-xdr\1.0.0\kerby-xdr-1.0.0.jar;C:\Users\malam\.m2\repository\org\codehaus\woodstox\stax2-api\3.1.4\stax2-api-3.1.4.jar;C:\Users\malam\.m2\repository\com\fasterxml\woodstox\woodstox-core\5.0.3\woodstox-core-5.0.3.jar;C:\Users\malam\.m2\repository\org\apache\hadoop\hadoop-hdfs-client\3.0.0-cdh6.3.3\hadoop-hdfs-client-3.0.0-cdh6.3.3.jar;C:\Users\malam\.m2\repository\com\squareup\okhttp\okhttp\2.7.5\okhttp-2.7.5.jar;C:\Users\malam\.m2\repository\com\squareup\okio\okio\1.6.0\okio-1.6.0.jar;C:\Users\malam\.m2\repository\org\apache\hadoop\hadoop-yarn-api\3.0.0-cdh6.3.3\hadoop-yarn-api-3.0.0-cdh6.3.3.jar;C:\Users\malam\.m2\repository\javax\xml\bind\jaxb-api\2.2.11\jaxb-api-2.2.11.jar;C:\Users\malam\.m2\repository\org\apache\hadoop\hadoop-yarn-client\3.0.0-cdh6.3.3\hadoop-yarn-client-3.0.0-cdh6.3.3.jar;C:\Users\malam\.m2\repository\org\apache\hadoop\hadoop-mapreduce-client-core\3.0.0-cdh6.3.3\hadoop-mapreduce-client-core-3.0.0-cdh6.3.3.jar;C:\Users\malam\.m2\repository\org\apache\hadoop\hadoop-yarn-common\3.0.0-cdh6.3.3\hadoop-yarn-common-3.0.0-cdh6.3.3.jar;C:\Users\malam\.m2\repository\org\eclipse\jetty\jetty-util\9.3.25.v20180904\jetty-util-9.3.25.v20180904.jar;C:\Users\malam\.m2\repository\com\fasterxml\jackson\module\jackson-module-jaxb-annotations\2.9.10\jackson-module-jaxb-annotations-2.9.10.jar;C:\Users\malam\.m2\repository\com\fasterxml\jackson\jaxrs\jackson-jaxrs-json-provider\2.9.10\jackson-jaxrs-json-provider-2.9.10.jar;C:\Users\malam\.m2\repository\com\fasterxml\jackson\jaxrs\jackson-jaxrs-base\2.9.10\jackson-jaxrs-base-2.9.10.jar;C:\Users\malam\.m2\repository\org\apache\hadoop\hadoop-mapreduce-client-jobclient\3.0.0-cdh6.3.3\hadoop-mapreduce-client-jobclient-3.0.0-cdh6.3.3.jar;C:\Users\malam\.m2\repository\org\apache\hadoop\hadoop-mapreduce-client-common\3.0.0-cdh6.3.3\hadoop-mapreduce-client-common-3.0.0-cdh6.3.3.jar;C:\Users\malam\.m2\repository\org\apache\hadoop\hadoop-annotations\3.0.0-cdh6.3.3\hadoop-annotations-3.0.0-cdh6.3.3.jar;C:\Users\malam\.m2\repository\org\apache\spark\spark-launcher_2.11\2.4.0-cdh6.3.3\spark-launcher_2.11-2.4.0-cdh6.3.3.jar;C:\Users\malam\.m2\repository\org\apache\spark\spark-kvstore_2.11\2.4.0-cdh6.3.3\spark-kvstore_2.11-2.4.0-cdh6.3.3.jar;C:\Users\malam\.m2\repository\org\fusesource\leveldbjni\leveldbjni-all\1.8\leveldbjni-all-1.8.jar;C:\Users\malam\.m2\repository\org\apache\spark\spark-network-common_2.11\2.4.0-cdh6.3.3\spark-network-common_2.11-2.4.0-cdh6.3.3.jar;C:\Users\malam\.m2\repository\org\apache\spark\spark-network-shuffle_2.11\2.4.0-cdh6.3.3\spark-network-shuffle_2.11-2.4.0-cdh6.3.3.jar;C:\Users\malam\.m2\repository\org\apache\spark\spark-unsafe_2.11\2.4.0-cdh6.3.3\spark-unsafe_2.11-2.4.0-cdh6.3.3.jar;C:\Users\malam\.m2\repository\javax\activation\activation\1.1.1\activation-1.1.1.jar;C:\Users\malam\.m2\repository\org\apache\curator\curator-recipes\2.7.1\curator-recipes-2.7.1.jar;C:\Users\malam\.m2\repository\org\apache\curator\curator-framework\2.7.1\curator-framework-2.7.1.jar;C:\Users\malam\.m2\repository\com\google\guava\guava\16.0.1\guava-16.0.1.jar;C:\Users\malam\.m2\repository\org\apache\zookeeper\zookeeper\3.4.5-cdh6.3.3\zookeeper-3.4.5-cdh6.3.3.jar;C:\Users\malam\.m2\repository\org\apache\yetus\audience-annotations\0.5.0\audience-annotations-0.5.0.jar;C:\Users\malam\.m2\repository\javax\servlet\javax.servlet-api\3.1.0\javax.servlet-api-3.1.0.jar;C:\Users\malam\.m2\repository\org\apache\commons\commons-lang3\3.7\commons-lang3-3.7.jar;C:\Users\malam\.m2\repository\org\apache\commons\commons-math3\3.4.1\commons-math3-3.4.1.jar;C:\Users\malam\.m2\repository\com\google\code\findbugs\jsr305\1.3.9\jsr305-1.3.9.jar;C:\Users\malam\.m2\repository\org\slf4j\slf4j-api\1.7.25\slf4j-api-1.7.25.jar;C:\Users\malam\.m2\repository\org\slf4j\jul-to-slf4j\1.7.25\jul-to-slf4j-1.7.25.jar;C:\Users\malam\.m2\repository\org\slf4j\jcl-over-slf4j\1.7.25\jcl-over-slf4j-1.7.25.jar;C:\Users\malam\.m2\repository\log4j\log4j\1.2.17\log4j-1.2.17.jar;C:\Users\malam\.m2\repository\org\slf4j\slf4j-log4j12\1.7.25\slf4j-log4j12-1.7.25.jar;C:\Users\malam\.m2\repository\com\ning\compress-lzf\1.0.3\compress-lzf-1.0.3.jar;C:\Users\malam\.m2\repository\org\xerial\snappy\snappy-java\1.1.4\snappy-java-1.1.4.jar;C:\Users\malam\.m2\repository\org\lz4\lz4-java\1.4.0\lz4-java-1.4.0.jar;C:\Users\malam\.m2\repository\com\github\luben\zstd-jni\1.3.2-2\zstd-jni-1.3.2-2.jar;C:\Users\malam\.m2\repository\org\roaringbitmap\RoaringBitmap\0.5.11\RoaringBitmap-0.5.11.jar;C:\Users\malam\.m2\repository\commons-net\commons-net\3.1\commons-net-3.1.jar;C:\Users\malam\.m2\repository\org\json4s\json4s-jackson_2.11\3.5.3\json4s-jackson_2.11-3.5.3.jar;C:\Users\malam\.m2\repository\org\json4s\json4s-core_2.11\3.5.3\json4s-core_2.11-3.5.3.jar;C:\Users\malam\.m2\repository\org\json4s\json4s-ast_2.11\3.5.3\json4s-ast_2.11-3.5.3.jar;C:\Users\malam\.m2\repository\org\json4s\json4s-scalap_2.11\3.5.3\json4s-scalap_2.11-3.5.3.jar;C:\Users\malam\.m2\repository\org\scala-lang\modules\scala-xml_2.11\1.0.6\scala-xml_2.11-1.0.6.jar;C:\Users\malam\.m2\repository\org\glassfish\jersey\core\jersey-client\2.22.2\jersey-client-2.22.2.jar;C:\Users\malam\.m2\repository\javax\ws\rs\javax.ws.rs-api\2.0.1\javax.ws.rs-api-2.0.1.jar;C:\Users\malam\.m2\repository\org\glassfish\hk2\hk2-api\2.4.0-b34\hk2-api-2.4.0-b34.jar;C:\Users\malam\.m2\repository\org\glassfish\hk2\hk2-utils\2.4.0-b34\hk2-utils-2.4.0-b34.jar;C:\Users\malam\.m2\repository\org\glassfish\hk2\external\aopalliance-repackaged\2.4.0-b34\aopalliance-repackaged-2.4.0-b34.jar;C:\Users\malam\.m2\repository\org\glassfish\hk2\external\javax.inject\2.4.0-b34\javax.inject-2.4.0-b34.jar;C:\Users\malam\.m2\repository\org\glassfish\hk2\hk2-locator\2.4.0-b34\hk2-locator-2.4.0-b34.jar;C:\Users\malam\.m2\repository\org\javassist\javassist\3.18.1-GA\javassist-3.18.1-GA.jar;C:\Users\malam\.m2\repository\org\glassfish\jersey\core\jersey-common\2.22.2\jersey-common-2.22.2.jar;C:\Users\malam\.m2\repository\javax\annotation\javax.annotation-api\1.2\javax.annotation-api-1.2.jar;C:\Users\malam\.m2\repository\org\glassfish\jersey\bundles\repackaged\jersey-guava\2.22.2\jersey-guava-2.22.2.jar;C:\Users\malam\.m2\repository\org\glassfish\hk2\osgi-resource-locator\1.0.1\osgi-resource-locator-1.0.1.jar;C:\Users\malam\.m2\repository\org\glassfish\jersey\core\jersey-server\2.22.2\jersey-server-2.22.2.jar;C:\Users\malam\.m2\repository\org\glassfish\jersey\media\jersey-media-jaxb\2.22.2\jersey-media-jaxb-2.22.2.jar;C:\Users\malam\.m2\repository\javax\validation\validation-api\1.1.0.Final\validation-api-1.1.0.Final.jar;C:\Users\malam\.m2\repository\org\glassfish\jersey\containers\jersey-container-servlet\2.22.2\jersey-container-servlet-2.22.2.jar;C:\Users\malam\.m2\repository\org\glassfish\jersey\containers\jersey-container-servlet-core\2.22.2\jersey-container-servlet-core-2.22.2.jar;C:\Users\malam\.m2\repository\io\netty\netty-all\4.1.42.Final\netty-all-4.1.42.Final.jar;C:\Users\malam\.m2\repository\io\netty\netty\3.10.6.Final\netty-3.10.6.Final.jar;C:\Users\malam\.m2\repository\com\clearspring\analytics\stream\2.7.0\stream-2.7.0.jar;C:\Users\malam\.m2\repository\io\dropwizard\metrics\metrics-core\3.1.5\metrics-core-3.1.5.jar;C:\Users\malam\.m2\repository\io\dropwizard\metrics\metrics-jvm\3.1.5\metrics-jvm-3.1.5.jar;C:\Users\malam\.m2\repository\io\dropwizard\metrics\metrics-json\3.1.5\metrics-json-3.1.5.jar;C:\Users\malam\.m2\repository\io\dropwizard\metrics\metrics-graphite\3.1.5\metrics-graphite-3.1.5.jar;C:\Users\malam\.m2\repository\com\fasterxml\jackson\module\jackson-module-scala_2.11\2.9.10\jackson-module-scala_2.11-2.9.10.jar;C:\Users\malam\.m2\repository\com\fasterxml\jackson\module\jackson-module-paranamer\2.9.10\jackson-module-paranamer-2.9.10.jar;C:\Users\malam\.m2\repository\org\apache\ivy\ivy\2.4.0\ivy-2.4.0.jar;C:\Users\malam\.m2\repository\oro\oro\2.0.8\oro-2.0.8.jar;C:\Users\malam\.m2\repository\net\razorvine\pyrolite\4.13\pyrolite-4.13.jar;C:\Users\malam\.m2\repository\net\sf\py4j\py4j\0.10.7\py4j-0.10.7.jar;C:\Users\malam\.m2\repository\org\apache\commons\commons-crypto\1.0.0\commons-crypto-1.0.0.jar;C:\Users\malam\.m2\repository\org\apache\spark\spark-tags_2.11\2.4.0-cdh6.3.3\spark-tags_2.11-2.4.0-cdh6.3.3.jar;C:\Users\malam\.m2\repository\org\scala-lang\scala-library\2.11.12\scala-library-2.11.12.jar;C:\Users\malam\.m2\repository\org\spark-project\spark\unused\1.0.0\unused-1.0.0.jar;C:\Users\malam\.m2\repository\org\apache\spark\spark-sql-kafka-0-10_2.11\2.4.0-cdh6.3.3\spark-sql-kafka-0-10_2.11-2.4.0-cdh6.3.3.jar;C:\Users\malam\.m2\repository\org\apache\kafka\kafka-clients\2.2.1-cdh6.3.3\kafka-clients-2.2.1-cdh6.3.3.jar;C:\Users\malam\.m2\repository\org\apache\spark\spark-sql_2.11\2.4.0-cdh6.3.3\spark-sql_2.11-2.4.0-cdh6.3.3.jar;C:\Users\malam\.m2\repository\com\univocity\univocity-parsers\2.8.3\univocity-parsers-2.8.3.jar;C:\Users\malam\.m2\repository\org\apache\spark\spark-sketch_2.11\2.4.0-cdh6.3.3\spark-sketch_2.11-2.4.0-cdh6.3.3.jar;C:\Users\malam\.m2\repository\org\apache\spark\spark-catalyst_2.11\2.4.0-cdh6.3.3\spark-catalyst_2.11-2.4.0-cdh6.3.3.jar;C:\Users\malam\.m2\repository\org\scala-lang\scala-reflect\2.11.12\scala-reflect-2.11.12.jar;C:\Users\malam\.m2\repository\org\scala-lang\modules\scala-parser-combinators_2.11\1.1.0\scala-parser-combinators_2.11-1.1.0.jar;C:\Users\malam\.m2\repository\org\codehaus\janino\janino\3.0.9\janino-3.0.9.jar;C:\Users\malam\.m2\repository\org\codehaus\janino\commons-compiler\3.0.9\commons-compiler-3.0.9.jar;C:\Users\malam\.m2\repository\org\antlr\antlr4-runtime\4.7\antlr4-runtime-4.7.jar;C:\Users\malam\.m2\repository\commons-codec\commons-codec\1.10\commons-codec-1.10.jar;C:\Users\malam\.m2\repository\org\apache\parquet\parquet-column\1.9.0-cdh6.3.3\parquet-column-1.9.0-cdh6.3.3.jar;C:\Users\malam\.m2\repository\org\apache\parquet\parquet-common\1.9.0-cdh6.3.3\parquet-common-1.9.0-cdh6.3.3.jar;C:\Users\malam\.m2\repository\org\apache\parquet\parquet-encoding\1.9.0-cdh6.3.3\parquet-encoding-1.9.0-cdh6.3.3.jar;C:\Users\malam\.m2\repository\com\google\re2j\re2j\1.0\re2j-1.0.jar;C:\Users\malam\.m2\repository\org\apache\parquet\parquet-hadoop\1.9.0-cdh6.3.3\parquet-hadoop-1.9.0-cdh6.3.3.jar;C:\Users\malam\.m2\repository\org\apache\parquet\parquet-format\2.4.0-cdh6.3.3\parquet-format-2.4.0-cdh6.3.3.jar;C:\Users\malam\.m2\repository\org\apache\parquet\parquet-jackson\1.9.0-cdh6.3.3\parquet-jackson-1.9.0-cdh6.3.3.jar;C:\Users\malam\.m2\repository\org\codehaus\jackson\jackson-mapper-asl\1.9.13-cloudera.1\jackson-mapper-asl-1.9.13-cloudera.1.jar;C:\Users\malam\.m2\repository\org\codehaus\jackson\jackson-core-asl\1.9.13\jackson-core-asl-1.9.13.jar;C:\Users\malam\.m2\repository\commons-pool\commons-pool\1.6\commons-pool-1.6.jar;C:\Users\malam\.m2\repository\com\fasterxml\jackson\core\jackson-databind\2.9.10\jackson-databind-2.9.10.jar;C:\Users\malam\.m2\repository\com\fasterxml\jackson\core\jackson-annotations\2.9.10\jackson-annotations-2.9.10.jar;C:\Users\malam\.m2\repository\com\fasterxml\jackson\core\jackson-core\2.9.10\jackson-core-2.9.10.jar;C:\Users\malam\.m2\repository\org\apache\arrow\arrow-vector\0.10.0\arrow-vector-0.10.0.jar;C:\Users\malam\.m2\repository\org\apache\arrow\arrow-format\0.10.0\arrow-format-0.10.0.jar;C:\Users\malam\.m2\repository\org\apache\arrow\arrow-memory\0.10.0\arrow-memory-0.10.0.jar;C:\Users\malam\.m2\repository\joda-time\joda-time\2.9.9\joda-time-2.9.9.jar;C:\Users\malam\.m2\repository\com\carrotsearch\hppc\0.7.2\hppc-0.7.2.jar;C:\Users\malam\.m2\repository\com\vlkan\flatbuffers\1.2.0-3f79e055\flatbuffers-1.2.0-3f79e055.jar;C:\Users\malam\.m2\repository\org\apache\xbean\xbean-asm7-shaded\4.12\xbean-asm7-shaded-4.12.jar;"/>
    <property name="java.vm.vendor" value="Oracle Corporation"/>
    <property name="sun.arch.data.model" value="64"/>
    <property name="user.variant" value=""/>
    <property name="java.vendor.url" value="http://java.oracle.com/"/>
    <property name="user.timezone" value="Asia/Calcutta"/>
    <property name="java.vm.specification.version" value="1.8"/>
    <property name="os.name" value="Windows 10"/>
    <property name="user.country" value="US"/>
    <property name="sun.java.launcher" value="SUN_STANDARD"/>
    <property name="sun.boot.library.path" value="C:\Program Files\Java\jdk1.8.0_221\jre\bin"/>
    <property name="sun.java.command" value="C:\Users\malam\AppData\Local\Temp\surefire5648702901881677804\surefirebooter9177015121141568972.jar C:\Users\malam\AppData\Local\Temp\surefire5648702901881677804 2021-12-29T20-57-07_100-jvmRun1 surefire2259065383930784485tmp surefire_02773038436127352237tmp"/>
    <property name="surefire.test.class.path" value="C:\Users\malam\development\personal\spark-java\spark-streaming-kafka\target\test-classes;C:\Users\malam\development\personal\spark-java\spark-streaming-kafka\target\classes;C:\Users\malam\.m2\repository\junit\junit\4.11\junit-4.11.jar;C:\Users\malam\.m2\repository\org\hamcrest\hamcrest-core\1.3\hamcrest-core-1.3.jar;C:\Users\malam\.m2\repository\org\apache\spark\spark-streaming_2.11\2.4.0-cdh6.3.3\spark-streaming_2.11-2.4.0-cdh6.3.3.jar;C:\Users\malam\.m2\repository\org\apache\spark\spark-core_2.11\2.4.0-cdh6.3.3\spark-core_2.11-2.4.0-cdh6.3.3.jar;C:\Users\malam\.m2\repository\org\apache\avro\avro\1.8.2-cdh6.3.3\avro-1.8.2-cdh6.3.3.jar;C:\Users\malam\.m2\repository\com\thoughtworks\paranamer\paranamer\2.8\paranamer-2.8.jar;C:\Users\malam\.m2\repository\org\apache\commons\commons-compress\1.19\commons-compress-1.19.jar;C:\Users\malam\.m2\repository\org\tukaani\xz\1.6\xz-1.6.jar;C:\Users\malam\.m2\repository\org\apache\avro\avro-mapred\1.8.2-cdh6.3.3\avro-mapred-1.8.2-cdh6.3.3-hadoop2.jar;C:\Users\malam\.m2\repository\org\apache\avro\avro-ipc\1.8.2-cdh6.3.3\avro-ipc-1.8.2-cdh6.3.3.jar;C:\Users\malam\.m2\repository\org\eclipse\jetty\jetty-server\9.3.25.v20180904\jetty-server-9.3.25.v20180904.jar;C:\Users\malam\.m2\repository\org\eclipse\jetty\jetty-http\9.3.25.v20180904\jetty-http-9.3.25.v20180904.jar;C:\Users\malam\.m2\repository\org\eclipse\jetty\jetty-io\9.3.25.v20180904\jetty-io-9.3.25.v20180904.jar;C:\Users\malam\.m2\repository\org\eclipse\jetty\jetty-servlet\9.3.25.v20180904\jetty-servlet-9.3.25.v20180904.jar;C:\Users\malam\.m2\repository\commons-collections\commons-collections\3.2.2\commons-collections-3.2.2.jar;C:\Users\malam\.m2\repository\com\twitter\chill_2.11\0.9.3\chill_2.11-0.9.3.jar;C:\Users\malam\.m2\repository\com\esotericsoftware\kryo-shaded\4.0.2\kryo-shaded-4.0.2.jar;C:\Users\malam\.m2\repository\com\esotericsoftware\minlog\1.3.0\minlog-1.3.0.jar;C:\Users\malam\.m2\repository\org\objenesis\objenesis\2.5.1\objenesis-2.5.1.jar;C:\Users\malam\.m2\repository\com\twitter\chill-java\0.9.3\chill-java-0.9.3.jar;C:\Users\malam\.m2\repository\org\apache\hadoop\hadoop-client\3.0.0-cdh6.3.3\hadoop-client-3.0.0-cdh6.3.3.jar;C:\Users\malam\.m2\repository\org\apache\hadoop\hadoop-common\3.0.0-cdh6.3.3\hadoop-common-3.0.0-cdh6.3.3.jar;C:\Users\malam\.m2\repository\commons-cli\commons-cli\1.2\commons-cli-1.2.jar;C:\Users\malam\.m2\repository\org\apache\httpcomponents\httpclient\4.5.3\httpclient-4.5.3.jar;C:\Users\malam\.m2\repository\org\apache\httpcomponents\httpcore\4.4.6\httpcore-4.4.6.jar;C:\Users\malam\.m2\repository\commons-io\commons-io\2.6\commons-io-2.6.jar;C:\Users\malam\.m2\repository\javax\activation\javax.activation-api\1.2.0\javax.activation-api-1.2.0.jar;C:\Users\malam\.m2\repository\org\eclipse\jetty\jetty-webapp\9.3.25.v20180904\jetty-webapp-9.3.25.v20180904.jar;C:\Users\malam\.m2\repository\org\eclipse\jetty\jetty-xml\9.3.25.v20180904\jetty-xml-9.3.25.v20180904.jar;C:\Users\malam\.m2\repository\javax\servlet\jsp\jsp-api\2.1\jsp-api-2.1.jar;C:\Users\malam\.m2\repository\commons-lang\commons-lang\2.6\commons-lang-2.6.jar;C:\Users\malam\.m2\repository\commons-beanutils\commons-beanutils\1.9.4\commons-beanutils-1.9.4.jar;C:\Users\malam\.m2\repository\org\apache\commons\commons-configuration2\2.1.1\commons-configuration2-2.1.1.jar;C:\Users\malam\.m2\repository\com\google\protobuf\protobuf-java\2.5.0\protobuf-java-2.5.0.jar;C:\Users\malam\.m2\repository\com\google\code\gson\gson\2.2.4\gson-2.2.4.jar;C:\Users\malam\.m2\repository\org\apache\hadoop\hadoop-auth\3.0.0-cdh6.3.3\hadoop-auth-3.0.0-cdh6.3.3.jar;C:\Users\malam\.m2\repository\com\nimbusds\nimbus-jose-jwt\4.41.1\nimbus-jose-jwt-4.41.1.jar;C:\Users\malam\.m2\repository\com\github\stephenc\jcip\jcip-annotations\1.0-1\jcip-annotations-1.0-1.jar;C:\Users\malam\.m2\repository\net\minidev\json-smart\2.3\json-smart-2.3.jar;C:\Users\malam\.m2\repository\net\minidev\accessors-smart\1.2\accessors-smart-1.2.jar;C:\Users\malam\.m2\repository\org\apache\curator\curator-client\2.12.0\curator-client-2.12.0.jar;C:\Users\malam\.m2\repository\org\apache\htrace\htrace-core4\4.1.0-incubating\htrace-core4-4.1.0-incubating.jar;C:\Users\malam\.m2\repository\org\apache\kerby\kerb-simplekdc\1.0.0\kerb-simplekdc-1.0.0.jar;C:\Users\malam\.m2\repository\org\apache\kerby\kerb-client\1.0.0\kerb-client-1.0.0.jar;C:\Users\malam\.m2\repository\org\apache\kerby\kerby-config\1.0.0\kerby-config-1.0.0.jar;C:\Users\malam\.m2\repository\org\apache\kerby\kerb-core\1.0.0\kerb-core-1.0.0.jar;C:\Users\malam\.m2\repository\org\apache\kerby\kerby-pkix\1.0.0\kerby-pkix-1.0.0.jar;C:\Users\malam\.m2\repository\org\apache\kerby\kerby-asn1\1.0.0\kerby-asn1-1.0.0.jar;C:\Users\malam\.m2\repository\org\apache\kerby\kerby-util\1.0.0\kerby-util-1.0.0.jar;C:\Users\malam\.m2\repository\org\apache\kerby\kerb-common\1.0.0\kerb-common-1.0.0.jar;C:\Users\malam\.m2\repository\org\apache\kerby\kerb-crypto\1.0.0\kerb-crypto-1.0.0.jar;C:\Users\malam\.m2\repository\org\apache\kerby\kerb-util\1.0.0\kerb-util-1.0.0.jar;C:\Users\malam\.m2\repository\org\apache\kerby\kerb-admin\1.0.0\kerb-admin-1.0.0.jar;C:\Users\malam\.m2\repository\org\apache\kerby\kerb-server\1.0.0\kerb-server-1.0.0.jar;C:\Users\malam\.m2\repository\org\apache\kerby\kerb-identity\1.0.0\kerb-identity-1.0.0.jar;C:\Users\malam\.m2\repository\org\apache\kerby\kerby-xdr\1.0.0\kerby-xdr-1.0.0.jar;C:\Users\malam\.m2\repository\org\codehaus\woodstox\stax2-api\3.1.4\stax2-api-3.1.4.jar;C:\Users\malam\.m2\repository\com\fasterxml\woodstox\woodstox-core\5.0.3\woodstox-core-5.0.3.jar;C:\Users\malam\.m2\repository\org\apache\hadoop\hadoop-hdfs-client\3.0.0-cdh6.3.3\hadoop-hdfs-client-3.0.0-cdh6.3.3.jar;C:\Users\malam\.m2\repository\com\squareup\okhttp\okhttp\2.7.5\okhttp-2.7.5.jar;C:\Users\malam\.m2\repository\com\squareup\okio\okio\1.6.0\okio-1.6.0.jar;C:\Users\malam\.m2\repository\org\apache\hadoop\hadoop-yarn-api\3.0.0-cdh6.3.3\hadoop-yarn-api-3.0.0-cdh6.3.3.jar;C:\Users\malam\.m2\repository\javax\xml\bind\jaxb-api\2.2.11\jaxb-api-2.2.11.jar;C:\Users\malam\.m2\repository\org\apache\hadoop\hadoop-yarn-client\3.0.0-cdh6.3.3\hadoop-yarn-client-3.0.0-cdh6.3.3.jar;C:\Users\malam\.m2\repository\org\apache\hadoop\hadoop-mapreduce-client-core\3.0.0-cdh6.3.3\hadoop-mapreduce-client-core-3.0.0-cdh6.3.3.jar;C:\Users\malam\.m2\repository\org\apache\hadoop\hadoop-yarn-common\3.0.0-cdh6.3.3\hadoop-yarn-common-3.0.0-cdh6.3.3.jar;C:\Users\malam\.m2\repository\org\eclipse\jetty\jetty-util\9.3.25.v20180904\jetty-util-9.3.25.v20180904.jar;C:\Users\malam\.m2\repository\com\fasterxml\jackson\module\jackson-module-jaxb-annotations\2.9.10\jackson-module-jaxb-annotations-2.9.10.jar;C:\Users\malam\.m2\repository\com\fasterxml\jackson\jaxrs\jackson-jaxrs-json-provider\2.9.10\jackson-jaxrs-json-provider-2.9.10.jar;C:\Users\malam\.m2\repository\com\fasterxml\jackson\jaxrs\jackson-jaxrs-base\2.9.10\jackson-jaxrs-base-2.9.10.jar;C:\Users\malam\.m2\repository\org\apache\hadoop\hadoop-mapreduce-client-jobclient\3.0.0-cdh6.3.3\hadoop-mapreduce-client-jobclient-3.0.0-cdh6.3.3.jar;C:\Users\malam\.m2\repository\org\apache\hadoop\hadoop-mapreduce-client-common\3.0.0-cdh6.3.3\hadoop-mapreduce-client-common-3.0.0-cdh6.3.3.jar;C:\Users\malam\.m2\repository\org\apache\hadoop\hadoop-annotations\3.0.0-cdh6.3.3\hadoop-annotations-3.0.0-cdh6.3.3.jar;C:\Users\malam\.m2\repository\org\apache\spark\spark-launcher_2.11\2.4.0-cdh6.3.3\spark-launcher_2.11-2.4.0-cdh6.3.3.jar;C:\Users\malam\.m2\repository\org\apache\spark\spark-kvstore_2.11\2.4.0-cdh6.3.3\spark-kvstore_2.11-2.4.0-cdh6.3.3.jar;C:\Users\malam\.m2\repository\org\fusesource\leveldbjni\leveldbjni-all\1.8\leveldbjni-all-1.8.jar;C:\Users\malam\.m2\repository\org\apache\spark\spark-network-common_2.11\2.4.0-cdh6.3.3\spark-network-common_2.11-2.4.0-cdh6.3.3.jar;C:\Users\malam\.m2\repository\org\apache\spark\spark-network-shuffle_2.11\2.4.0-cdh6.3.3\spark-network-shuffle_2.11-2.4.0-cdh6.3.3.jar;C:\Users\malam\.m2\repository\org\apache\spark\spark-unsafe_2.11\2.4.0-cdh6.3.3\spark-unsafe_2.11-2.4.0-cdh6.3.3.jar;C:\Users\malam\.m2\repository\javax\activation\activation\1.1.1\activation-1.1.1.jar;C:\Users\malam\.m2\repository\org\apache\curator\curator-recipes\2.7.1\curator-recipes-2.7.1.jar;C:\Users\malam\.m2\repository\org\apache\curator\curator-framework\2.7.1\curator-framework-2.7.1.jar;C:\Users\malam\.m2\repository\com\google\guava\guava\16.0.1\guava-16.0.1.jar;C:\Users\malam\.m2\repository\org\apache\zookeeper\zookeeper\3.4.5-cdh6.3.3\zookeeper-3.4.5-cdh6.3.3.jar;C:\Users\malam\.m2\repository\org\apache\yetus\audience-annotations\0.5.0\audience-annotations-0.5.0.jar;C:\Users\malam\.m2\repository\javax\servlet\javax.servlet-api\3.1.0\javax.servlet-api-3.1.0.jar;C:\Users\malam\.m2\repository\org\apache\commons\commons-lang3\3.7\commons-lang3-3.7.jar;C:\Users\malam\.m2\repository\org\apache\commons\commons-math3\3.4.1\commons-math3-3.4.1.jar;C:\Users\malam\.m2\repository\com\google\code\findbugs\jsr305\1.3.9\jsr305-1.3.9.jar;C:\Users\malam\.m2\repository\org\slf4j\slf4j-api\1.7.25\slf4j-api-1.7.25.jar;C:\Users\malam\.m2\repository\org\slf4j\jul-to-slf4j\1.7.25\jul-to-slf4j-1.7.25.jar;C:\Users\malam\.m2\repository\org\slf4j\jcl-over-slf4j\1.7.25\jcl-over-slf4j-1.7.25.jar;C:\Users\malam\.m2\repository\log4j\log4j\1.2.17\log4j-1.2.17.jar;C:\Users\malam\.m2\repository\org\slf4j\slf4j-log4j12\1.7.25\slf4j-log4j12-1.7.25.jar;C:\Users\malam\.m2\repository\com\ning\compress-lzf\1.0.3\compress-lzf-1.0.3.jar;C:\Users\malam\.m2\repository\org\xerial\snappy\snappy-java\1.1.4\snappy-java-1.1.4.jar;C:\Users\malam\.m2\repository\org\lz4\lz4-java\1.4.0\lz4-java-1.4.0.jar;C:\Users\malam\.m2\repository\com\github\luben\zstd-jni\1.3.2-2\zstd-jni-1.3.2-2.jar;C:\Users\malam\.m2\repository\org\roaringbitmap\RoaringBitmap\0.5.11\RoaringBitmap-0.5.11.jar;C:\Users\malam\.m2\repository\commons-net\commons-net\3.1\commons-net-3.1.jar;C:\Users\malam\.m2\repository\org\json4s\json4s-jackson_2.11\3.5.3\json4s-jackson_2.11-3.5.3.jar;C:\Users\malam\.m2\repository\org\json4s\json4s-core_2.11\3.5.3\json4s-core_2.11-3.5.3.jar;C:\Users\malam\.m2\repository\org\json4s\json4s-ast_2.11\3.5.3\json4s-ast_2.11-3.5.3.jar;C:\Users\malam\.m2\repository\org\json4s\json4s-scalap_2.11\3.5.3\json4s-scalap_2.11-3.5.3.jar;C:\Users\malam\.m2\repository\org\scala-lang\modules\scala-xml_2.11\1.0.6\scala-xml_2.11-1.0.6.jar;C:\Users\malam\.m2\repository\org\glassfish\jersey\core\jersey-client\2.22.2\jersey-client-2.22.2.jar;C:\Users\malam\.m2\repository\javax\ws\rs\javax.ws.rs-api\2.0.1\javax.ws.rs-api-2.0.1.jar;C:\Users\malam\.m2\repository\org\glassfish\hk2\hk2-api\2.4.0-b34\hk2-api-2.4.0-b34.jar;C:\Users\malam\.m2\repository\org\glassfish\hk2\hk2-utils\2.4.0-b34\hk2-utils-2.4.0-b34.jar;C:\Users\malam\.m2\repository\org\glassfish\hk2\external\aopalliance-repackaged\2.4.0-b34\aopalliance-repackaged-2.4.0-b34.jar;C:\Users\malam\.m2\repository\org\glassfish\hk2\external\javax.inject\2.4.0-b34\javax.inject-2.4.0-b34.jar;C:\Users\malam\.m2\repository\org\glassfish\hk2\hk2-locator\2.4.0-b34\hk2-locator-2.4.0-b34.jar;C:\Users\malam\.m2\repository\org\javassist\javassist\3.18.1-GA\javassist-3.18.1-GA.jar;C:\Users\malam\.m2\repository\org\glassfish\jersey\core\jersey-common\2.22.2\jersey-common-2.22.2.jar;C:\Users\malam\.m2\repository\javax\annotation\javax.annotation-api\1.2\javax.annotation-api-1.2.jar;C:\Users\malam\.m2\repository\org\glassfish\jersey\bundles\repackaged\jersey-guava\2.22.2\jersey-guava-2.22.2.jar;C:\Users\malam\.m2\repository\org\glassfish\hk2\osgi-resource-locator\1.0.1\osgi-resource-locator-1.0.1.jar;C:\Users\malam\.m2\repository\org\glassfish\jersey\core\jersey-server\2.22.2\jersey-server-2.22.2.jar;C:\Users\malam\.m2\repository\org\glassfish\jersey\media\jersey-media-jaxb\2.22.2\jersey-media-jaxb-2.22.2.jar;C:\Users\malam\.m2\repository\javax\validation\validation-api\1.1.0.Final\validation-api-1.1.0.Final.jar;C:\Users\malam\.m2\repository\org\glassfish\jersey\containers\jersey-container-servlet\2.22.2\jersey-container-servlet-2.22.2.jar;C:\Users\malam\.m2\repository\org\glassfish\jersey\containers\jersey-container-servlet-core\2.22.2\jersey-container-servlet-core-2.22.2.jar;C:\Users\malam\.m2\repository\io\netty\netty-all\4.1.42.Final\netty-all-4.1.42.Final.jar;C:\Users\malam\.m2\repository\io\netty\netty\3.10.6.Final\netty-3.10.6.Final.jar;C:\Users\malam\.m2\repository\com\clearspring\analytics\stream\2.7.0\stream-2.7.0.jar;C:\Users\malam\.m2\repository\io\dropwizard\metrics\metrics-core\3.1.5\metrics-core-3.1.5.jar;C:\Users\malam\.m2\repository\io\dropwizard\metrics\metrics-jvm\3.1.5\metrics-jvm-3.1.5.jar;C:\Users\malam\.m2\repository\io\dropwizard\metrics\metrics-json\3.1.5\metrics-json-3.1.5.jar;C:\Users\malam\.m2\repository\io\dropwizard\metrics\metrics-graphite\3.1.5\metrics-graphite-3.1.5.jar;C:\Users\malam\.m2\repository\com\fasterxml\jackson\module\jackson-module-scala_2.11\2.9.10\jackson-module-scala_2.11-2.9.10.jar;C:\Users\malam\.m2\repository\com\fasterxml\jackson\module\jackson-module-paranamer\2.9.10\jackson-module-paranamer-2.9.10.jar;C:\Users\malam\.m2\repository\org\apache\ivy\ivy\2.4.0\ivy-2.4.0.jar;C:\Users\malam\.m2\repository\oro\oro\2.0.8\oro-2.0.8.jar;C:\Users\malam\.m2\repository\net\razorvine\pyrolite\4.13\pyrolite-4.13.jar;C:\Users\malam\.m2\repository\net\sf\py4j\py4j\0.10.7\py4j-0.10.7.jar;C:\Users\malam\.m2\repository\org\apache\commons\commons-crypto\1.0.0\commons-crypto-1.0.0.jar;C:\Users\malam\.m2\repository\org\apache\spark\spark-tags_2.11\2.4.0-cdh6.3.3\spark-tags_2.11-2.4.0-cdh6.3.3.jar;C:\Users\malam\.m2\repository\org\scala-lang\scala-library\2.11.12\scala-library-2.11.12.jar;C:\Users\malam\.m2\repository\org\spark-project\spark\unused\1.0.0\unused-1.0.0.jar;C:\Users\malam\.m2\repository\org\apache\spark\spark-sql-kafka-0-10_2.11\2.4.0-cdh6.3.3\spark-sql-kafka-0-10_2.11-2.4.0-cdh6.3.3.jar;C:\Users\malam\.m2\repository\org\apache\kafka\kafka-clients\2.2.1-cdh6.3.3\kafka-clients-2.2.1-cdh6.3.3.jar;C:\Users\malam\.m2\repository\org\apache\spark\spark-sql_2.11\2.4.0-cdh6.3.3\spark-sql_2.11-2.4.0-cdh6.3.3.jar;C:\Users\malam\.m2\repository\com\univocity\univocity-parsers\2.8.3\univocity-parsers-2.8.3.jar;C:\Users\malam\.m2\repository\org\apache\spark\spark-sketch_2.11\2.4.0-cdh6.3.3\spark-sketch_2.11-2.4.0-cdh6.3.3.jar;C:\Users\malam\.m2\repository\org\apache\spark\spark-catalyst_2.11\2.4.0-cdh6.3.3\spark-catalyst_2.11-2.4.0-cdh6.3.3.jar;C:\Users\malam\.m2\repository\org\scala-lang\scala-reflect\2.11.12\scala-reflect-2.11.12.jar;C:\Users\malam\.m2\repository\org\scala-lang\modules\scala-parser-combinators_2.11\1.1.0\scala-parser-combinators_2.11-1.1.0.jar;C:\Users\malam\.m2\repository\org\codehaus\janino\janino\3.0.9\janino-3.0.9.jar;C:\Users\malam\.m2\repository\org\codehaus\janino\commons-compiler\3.0.9\commons-compiler-3.0.9.jar;C:\Users\malam\.m2\repository\org\antlr\antlr4-runtime\4.7\antlr4-runtime-4.7.jar;C:\Users\malam\.m2\repository\commons-codec\commons-codec\1.10\commons-codec-1.10.jar;C:\Users\malam\.m2\repository\org\apache\parquet\parquet-column\1.9.0-cdh6.3.3\parquet-column-1.9.0-cdh6.3.3.jar;C:\Users\malam\.m2\repository\org\apache\parquet\parquet-common\1.9.0-cdh6.3.3\parquet-common-1.9.0-cdh6.3.3.jar;C:\Users\malam\.m2\repository\org\apache\parquet\parquet-encoding\1.9.0-cdh6.3.3\parquet-encoding-1.9.0-cdh6.3.3.jar;C:\Users\malam\.m2\repository\com\google\re2j\re2j\1.0\re2j-1.0.jar;C:\Users\malam\.m2\repository\org\apache\parquet\parquet-hadoop\1.9.0-cdh6.3.3\parquet-hadoop-1.9.0-cdh6.3.3.jar;C:\Users\malam\.m2\repository\org\apache\parquet\parquet-format\2.4.0-cdh6.3.3\parquet-format-2.4.0-cdh6.3.3.jar;C:\Users\malam\.m2\repository\org\apache\parquet\parquet-jackson\1.9.0-cdh6.3.3\parquet-jackson-1.9.0-cdh6.3.3.jar;C:\Users\malam\.m2\repository\org\codehaus\jackson\jackson-mapper-asl\1.9.13-cloudera.1\jackson-mapper-asl-1.9.13-cloudera.1.jar;C:\Users\malam\.m2\repository\org\codehaus\jackson\jackson-core-asl\1.9.13\jackson-core-asl-1.9.13.jar;C:\Users\malam\.m2\repository\commons-pool\commons-pool\1.6\commons-pool-1.6.jar;C:\Users\malam\.m2\repository\com\fasterxml\jackson\core\jackson-databind\2.9.10\jackson-databind-2.9.10.jar;C:\Users\malam\.m2\repository\com\fasterxml\jackson\core\jackson-annotations\2.9.10\jackson-annotations-2.9.10.jar;C:\Users\malam\.m2\repository\com\fasterxml\jackson\core\jackson-core\2.9.10\jackson-core-2.9.10.jar;C:\Users\malam\.m2\repository\org\apache\arrow\arrow-vector\0.10.0\arrow-vector-0.10.0.jar;C:\Users\malam\.m2\repository\org\apache\arrow\arrow-format\0.10.0\arrow-format-0.10.0.jar;C:\Users\malam\.m2\repository\org\apache\arrow\arrow-memory\0.10.0\arrow-memory-0.10.0.jar;C:\Users\malam\.m2\repository\joda-time\joda-time\2.9.9\joda-time-2.9.9.jar;C:\Users\malam\.m2\repository\com\carrotsearch\hppc\0.7.2\hppc-0.7.2.jar;C:\Users\malam\.m2\repository\com\vlkan\flatbuffers\1.2.0-3f79e055\flatbuffers-1.2.0-3f79e055.jar;C:\Users\malam\.m2\repository\org\apache\xbean\xbean-asm7-shaded\4.12\xbean-asm7-shaded-4.12.jar;"/>
    <property name="sun.cpu.endian" value="little"/>
    <property name="user.home" value="C:\Users\malam"/>
    <property name="user.language" value="en"/>
    <property name="java.specification.vendor" value="Oracle Corporation"/>
    <property name="java.home" value="C:\Program Files\Java\jdk1.8.0_221\jre"/>
    <property name="basedir" value="C:\Users\malam\development\personal\spark-java\spark-streaming-kafka"/>
    <property name="file.separator" value="\"/>
    <property name="line.separator" value="&#10;"/>
    <property name="java.vm.specification.vendor" value="Oracle Corporation"/>
    <property name="java.specification.name" value="Java Platform API Specification"/>
    <property name="java.awt.graphicsenv" value="sun.awt.Win32GraphicsEnvironment"/>
    <property name="surefire.real.class.path" value="C:\Users\malam\AppData\Local\Temp\surefire5648702901881677804\surefirebooter9177015121141568972.jar"/>
    <property name="sun.boot.class.path" value="C:\Program Files\Java\jdk1.8.0_221\jre\lib\resources.jar;C:\Program Files\Java\jdk1.8.0_221\jre\lib\rt.jar;C:\Program Files\Java\jdk1.8.0_221\jre\lib\sunrsasign.jar;C:\Program Files\Java\jdk1.8.0_221\jre\lib\jsse.jar;C:\Program Files\Java\jdk1.8.0_221\jre\lib\jce.jar;C:\Program Files\Java\jdk1.8.0_221\jre\lib\charsets.jar;C:\Program Files\Java\jdk1.8.0_221\jre\lib\jfr.jar;C:\Program Files\Java\jdk1.8.0_221\jre\classes"/>
    <property name="user.script" value=""/>
    <property name="sun.management.compiler" value="HotSpot 64-Bit Tiered Compilers"/>
    <property name="java.runtime.version" value="1.8.0_221-b11"/>
    <property name="user.name" value="malam"/>
    <property name="path.separator" value=";"/>
    <property name="os.version" value="10.0"/>
    <property name="java.endorsed.dirs" value="C:\Program Files\Java\jdk1.8.0_221\jre\lib\endorsed"/>
    <property name="java.runtime.name" value="Java(TM) SE Runtime Environment"/>
    <property name="file.encoding" value="Cp1252"/>
    <property name="java.vm.name" value="Java HotSpot(TM) 64-Bit Server VM"/>
    <property name="localRepository" value="C:\Users\malam\.m2\repository"/>
    <property name="java.vendor.url.bug" value="http://bugreport.sun.com/bugreport/"/>
    <property name="java.io.tmpdir" value="C:\Users\malam\AppData\Local\Temp\"/>
    <property name="java.version" value="1.8.0_221"/>
    <property name="user.dir" value="C:\Users\malam\development\personal\spark-java\spark-streaming-kafka"/>
    <property name="os.arch" value="amd64"/>
    <property name="java.vm.specification.name" value="Java Virtual Machine Specification"/>
    <property name="java.awt.printerjob" value="sun.awt.windows.WPrinterJob"/>
    <property name="sun.os.patch.level" value=""/>
    <property name="java.library.path" value="C:\Program Files\Java\jdk1.8.0_221\jre\bin;C:\Windows\Sun\Java\bin;C:\Windows\system32;C:\Windows;C:\Program Files (x86)\Common Files\Oracle\Java\javapath;C:\ProgramData\Oracle\Java\javapath;C:\Windows\system32;C:\Windows;C:\Windows\System32\Wbem;C:\Windows\System32\WindowsPowerShell\v1.0\;C:\Windows\System32\OpenSSH\;C:\Program Files\TortoiseSVN\bin;C:\Program Files\Git\cmd;C:\Program Files\apache-maven-3.6.2\bin;C:\Program Files\PowerShell\6\;C:\Program Files\PuTTY\;C:\Program Files\nodejs\;C:\Users\malam\AppData\Local\Microsoft\WindowsApps;C:\Users\malam\AppData\Roaming\Python\Python37\Scripts;C:\Users\malam\development\software\DU;C:\Program Files\Notepad++;C:\Users\malam\development\software\VSCode;C:\Users\malam\development\software\winutils\hadoop-3.0.0\bin;."/>
    <property name="java.vm.info" value="mixed mode"/>
    <property name="java.vendor" value="Oracle Corporation"/>
    <property name="java.vm.version" value="25.221-b11"/>
    <property name="java.ext.dirs" value="C:\Program Files\Java\jdk1.8.0_221\jre\lib\ext;C:\Windows\Sun\Java\lib\ext"/>
    <property name="sun.io.unicode.encoding" value="UnicodeLittle"/>
    <property name="java.class.version" value="52.0"/>
  </properties>
  <testcase name="shouldAnswerWithTrue" classname="com.mahfooz.spark.AppTest" time="0"/>
</testsuite>